<?xml version="1.0" encoding="UTF-8"?>
<!-- Generated by org.testng.reporters.JUnitReportReporter -->
<testsuite skipped="0" hostname="2014-20180202ML" name="com.liu.test.BeforeTest" tests="1" failures="0" timestamp="02 十二月 2019 07:10:19 GMT" time="32.654" errors="0">
  <testcase name="before" time="32.654" classname="com.liu.test.BeforeTest"/>
</testsuite> <!-- com.liu.test.BeforeTest -->
